<html>
<head>
<title>TestNG:  SmokeTest</title>
<link href="../testng.css" rel="stylesheet" type="text/css" />
<link href="../my-testng.css" rel="stylesheet" type="text/css" />

<style type="text/css">
.log { display: none;} 
.stack-trace { display: none;} 
</style>
<script type="text/javascript">
<!--
function flip(e) {
  current = e.style.display;
  if (current == 'block') {
    e.style.display = 'none';
    return 0;
  }
  else {
    e.style.display = 'block';
    return 1;
  }
}

function toggleBox(szDivId, elem, msg1, msg2)
{
  var res = -1;  if (document.getElementById) {
    res = flip(document.getElementById(szDivId));
  }
  else if (document.all) {
    // this is the way old msie versions work
    res = flip(document.all[szDivId]);
  }
  if(elem) {
    if(res == 0) elem.innerHTML = msg1; else elem.innerHTML = msg2;
  }

}

function toggleAllBoxes() {
  if (document.getElementsByTagName) {
    d = document.getElementsByTagName('div');
    for (i = 0; i < d.length; i++) {
      if (d[i].className == 'log') {
        flip(d[i]);
      }
    }
  }
}

// -->
</script>

</head>
<body>
<h2 align='center'>SmokeTest</h2><table border='1' align="center">
<tr>
<td>Tests passed/Failed/Skipped:</td><td>7/2/0</td>
</tr><tr>
<td>Started on:</td><td>Thu Mar 03 20:17:03 IST 2022</td>
</tr>
<tr><td>Total time:</td><td>5449 seconds (5449989 ms)</td>
</tr><tr>
<td>Included groups:</td><td></td>
</tr><tr>
<td>Excluded groups:</td><td></td>
</tr>
</table><p/>
<small><i>(Hover the method name to see the test class name)</i></small><p/>
<table width='100%' border='1' class='invocation-failed'>
<tr><td colspan='4' align='center'><b>FAILED TESTS</b></td></tr>
<tr><td><b>Test method</b></td>
<td width="30%"><b>Exception</b></td>
<td width="10%"><b>Time (seconds)</b></td>
<td><b>Instance</b></td>
</tr>
<tr>
<td title='scripts.PoliceSmokeTest87.SmokeTestScripts_Records_()'><b>SmokeTestScripts_Records_</b><br>Test class: scripts.PoliceSmokeTest87<br>Parameters: org.testng.TestRunner@3c1e23ff</td>
<td><div><pre>java.lang.IllegalArgumentException: bound must be positive
	at java.base/java.util.Random.nextInt(Random.java:388)
	at utilities.Randomized.getRandomNumber(Randomized.java:324)
	at utilities.ObjectIdentification$SmokeTest.selectRandomGridRow(ObjectIdentification.java:3585)
	at scripts.PoliceSmokeTest87.SmokeTestScripts_Records_(PoliceSmokeTest87.java:577)
	at java.base/java.util.ArrayList.forEach(ArrayList.java:1511)
... Removed 27 stack frames</pre></div><a href='#' onClick='toggleBox("stack-trace412450080", this, "Click to show all stack frames", "Click to hide stack frames")'>Click to show all stack frames</a>
<div class='stack-trace' id='stack-trace412450080'><pre>java.lang.IllegalArgumentException: bound must be positive
	at java.base/java.util.Random.nextInt(Random.java:388)
	at utilities.Randomized.getRandomNumber(Randomized.java:324)
	at utilities.ObjectIdentification$SmokeTest.selectRandomGridRow(ObjectIdentification.java:3585)
	at scripts.PoliceSmokeTest87.SmokeTestScripts_Records_(PoliceSmokeTest87.java:577)
	at java.base/jdk.internal.reflect.NativeMethodAccessorImpl.invoke0(Native Method)
	at java.base/jdk.internal.reflect.NativeMethodAccessorImpl.invoke(NativeMethodAccessorImpl.java:78)
	at java.base/jdk.internal.reflect.DelegatingMethodAccessorImpl.invoke(DelegatingMethodAccessorImpl.java:43)
	at java.base/java.lang.reflect.Method.invoke(Method.java:567)
	at org.testng.internal.MethodInvocationHelper.invokeMethod(MethodInvocationHelper.java:133)
	at org.testng.internal.TestInvoker.invokeMethod(TestInvoker.java:584)
	at org.testng.internal.TestInvoker.invokeTestMethod(TestInvoker.java:172)
	at org.testng.internal.MethodRunner.runInSequence(MethodRunner.java:46)
	at org.testng.internal.TestInvoker$MethodInvocationAgent.invoke(TestInvoker.java:804)
	at org.testng.internal.TestInvoker.invokeTestMethods(TestInvoker.java:145)
	at org.testng.internal.TestMethodWorker.invokeTestMethods(TestMethodWorker.java:146)
	at org.testng.internal.TestMethodWorker.run(TestMethodWorker.java:128)
	at java.base/java.util.ArrayList.forEach(ArrayList.java:1511)
	at org.testng.TestRunner.privateRun(TestRunner.java:770)
	at org.testng.TestRunner.run(TestRunner.java:591)
	at org.testng.SuiteRunner.runTest(SuiteRunner.java:402)
	at org.testng.SuiteRunner.runSequentially(SuiteRunner.java:396)
	at org.testng.SuiteRunner.privateRun(SuiteRunner.java:355)
	at org.testng.SuiteRunner.run(SuiteRunner.java:304)
	at org.testng.SuiteRunnerWorker.runSuite(SuiteRunnerWorker.java:53)
	at org.testng.SuiteRunnerWorker.run(SuiteRunnerWorker.java:96)
	at org.testng.TestNG.runSuitesSequentially(TestNG.java:1180)
	at org.testng.TestNG.runSuitesLocally(TestNG.java:1102)
	at org.testng.TestNG.runSuites(TestNG.java:1032)
	at org.testng.TestNG.run(TestNG.java:1000)
	at org.testng.remote.AbstractRemoteTestNG.run(AbstractRemoteTestNG.java:115)
	at org.testng.remote.RemoteTestNG.initAndRun(RemoteTestNG.java:251)
	at org.testng.remote.RemoteTestNG.main(RemoteTestNG.java:77)
</pre></div></td>
<td>723</td>
<td>scripts.PoliceSmokeTest87@11bd0f3b</td></tr>
<tr>
<td title='scripts.PoliceSmokeTest87.SmokeTestScripts_Warrant_()'><b>SmokeTestScripts_Warrant_</b><br>Test class: scripts.PoliceSmokeTest87<br>Parameters: org.testng.TestRunner@3c1e23ff</td>
<td><div><pre>org.openqa.selenium.NoSuchElementException: no such element: Unable to locate element: {&quot;method&quot;:&quot;xpath&quot;,&quot;selector&quot;:&quot;//iframe[contains(@src,&apos;Warrant Names Search&apos;)]&quot;}
  (Session info: chrome=99.0.4844.51)
For documentation on this error, please visit: https://www.seleniumhq.org/exceptions/no_such_element.html
Build info: version: &apos;3.141.59&apos;, revision: &apos;e82be7d358&apos;, time: &apos;2018-11-14T08:17:03&apos;
System info: host: &apos;CHPNXDT-604&apos;, ip: &apos;192.168.10.214&apos;, os.name: &apos;Windows 10&apos;, os.arch: &apos;amd64&apos;, os.version: &apos;10.0&apos;, java.version: &apos;16.0.2&apos;
Driver info: org.openqa.selenium.remote.RemoteWebDriver
Capabilities {acceptInsecureCerts: false, browserName: chrome, browserVersion: 99.0.4844.51, chrome: {chromedriverVersion: 98.0.4758.48 (d869ab3eda606..., userDataDir: C:\Users\QAA\AppData\Local\...}, goog:chromeOptions: {debuggerAddress: localhost:60213}, javascriptEnabled: true, networkConnectionEnabled: false, pageLoadStrategy: normal, platform: WINDOWS, platformName: WINDOWS, proxy: Proxy(), setWindowRect: true, strictFileInteractability: false, timeouts: {implicit: 0, pageLoad: 300000, script: 30000}, unhandledPromptBehavior: dismiss and notify, webauthn:extension:credBlob: true, webauthn:extension:largeBlob: true, webauthn:virtualAuthenticators: true, webdriver.remote.sessionid: 31eb0b1b66b1471d27be59c0b1c...}
Session ID: 31eb0b1b66b1471d27be59c0b1c8758d
*** Element info: {Using=xpath, value=//iframe[contains(@src,&apos;Warrant Names Search&apos;)]}
	at org.openqa.selenium.remote.http.W3CHttpResponseCodec.createException(W3CHttpResponseCodec.java:187)
	at org.openqa.selenium.remote.http.W3CHttpResponseCodec.decode(W3CHttpResponseCodec.java:122)
	at org.openqa.selenium.remote.http.W3CHttpResponseCodec.decode(W3CHttpResponseCodec.java:49)
	at org.openqa.selenium.remote.HttpCommandExecutor.execute(HttpCommandExecutor.java:158)
	at org.openqa.selenium.remote.RemoteWebDriver.execute(RemoteWebDriver.java:552)
	at org.openqa.selenium.remote.RemoteWebDriver.findElement(RemoteWebDriver.java:323)
	at org.openqa.selenium.remote.RemoteWebDriver.findElementByXPath(RemoteWebDriver.java:428)
	at org.openqa.selenium.By$ByXPath.findElement(By.java:353)
	at org.openqa.selenium.remote.RemoteWebDriver.findElement(RemoteWebDriver.java:315)
	at utilities.ObjectIdentification$WindowHandle.switchToMainWindowScreenTab(ObjectIdentification.java:438)
	at scripts.PoliceSmokeTest87.SmokeTestScripts_Warrant_(PoliceSmokeTest87.java:800)
	at java.base/java.util.ArrayList.forEach(ArrayList.java:1511)
... Removed 31 stack frames</pre></div><a href='#' onClick='toggleBox("stack-trace1695784564", this, "Click to show all stack frames", "Click to hide stack frames")'>Click to show all stack frames</a>
<div class='stack-trace' id='stack-trace1695784564'><pre>org.openqa.selenium.NoSuchElementException: no such element: Unable to locate element: {&quot;method&quot;:&quot;xpath&quot;,&quot;selector&quot;:&quot;//iframe[contains(@src,&apos;Warrant Names Search&apos;)]&quot;}
  (Session info: chrome=99.0.4844.51)
For documentation on this error, please visit: https://www.seleniumhq.org/exceptions/no_such_element.html
Build info: version: &apos;3.141.59&apos;, revision: &apos;e82be7d358&apos;, time: &apos;2018-11-14T08:17:03&apos;
System info: host: &apos;CHPNXDT-604&apos;, ip: &apos;192.168.10.214&apos;, os.name: &apos;Windows 10&apos;, os.arch: &apos;amd64&apos;, os.version: &apos;10.0&apos;, java.version: &apos;16.0.2&apos;
Driver info: org.openqa.selenium.remote.RemoteWebDriver
Capabilities {acceptInsecureCerts: false, browserName: chrome, browserVersion: 99.0.4844.51, chrome: {chromedriverVersion: 98.0.4758.48 (d869ab3eda606..., userDataDir: C:\Users\QAA\AppData\Local\...}, goog:chromeOptions: {debuggerAddress: localhost:60213}, javascriptEnabled: true, networkConnectionEnabled: false, pageLoadStrategy: normal, platform: WINDOWS, platformName: WINDOWS, proxy: Proxy(), setWindowRect: true, strictFileInteractability: false, timeouts: {implicit: 0, pageLoad: 300000, script: 30000}, unhandledPromptBehavior: dismiss and notify, webauthn:extension:credBlob: true, webauthn:extension:largeBlob: true, webauthn:virtualAuthenticators: true, webdriver.remote.sessionid: 31eb0b1b66b1471d27be59c0b1c...}
Session ID: 31eb0b1b66b1471d27be59c0b1c8758d
*** Element info: {Using=xpath, value=//iframe[contains(@src,&apos;Warrant Names Search&apos;)]}
	at jdk.internal.reflect.GeneratedConstructorAccessor16.newInstance(Unknown Source)
	at java.base/jdk.internal.reflect.DelegatingConstructorAccessorImpl.newInstance(DelegatingConstructorAccessorImpl.java:45)
	at java.base/java.lang.reflect.Constructor.newInstanceWithCaller(Constructor.java:499)
	at java.base/java.lang.reflect.Constructor.newInstance(Constructor.java:480)
	at org.openqa.selenium.remote.http.W3CHttpResponseCodec.createException(W3CHttpResponseCodec.java:187)
	at org.openqa.selenium.remote.http.W3CHttpResponseCodec.decode(W3CHttpResponseCodec.java:122)
	at org.openqa.selenium.remote.http.W3CHttpResponseCodec.decode(W3CHttpResponseCodec.java:49)
	at org.openqa.selenium.remote.HttpCommandExecutor.execute(HttpCommandExecutor.java:158)
	at org.openqa.selenium.remote.RemoteWebDriver.execute(RemoteWebDriver.java:552)
	at org.openqa.selenium.remote.RemoteWebDriver.findElement(RemoteWebDriver.java:323)
	at org.openqa.selenium.remote.RemoteWebDriver.findElementByXPath(RemoteWebDriver.java:428)
	at org.openqa.selenium.By$ByXPath.findElement(By.java:353)
	at org.openqa.selenium.remote.RemoteWebDriver.findElement(RemoteWebDriver.java:315)
	at utilities.ObjectIdentification$WindowHandle.switchToMainWindowScreenTab(ObjectIdentification.java:438)
	at scripts.PoliceSmokeTest87.SmokeTestScripts_Warrant_(PoliceSmokeTest87.java:800)
	at java.base/jdk.internal.reflect.NativeMethodAccessorImpl.invoke0(Native Method)
	at java.base/jdk.internal.reflect.NativeMethodAccessorImpl.invoke(NativeMethodAccessorImpl.java:78)
	at java.base/jdk.internal.reflect.DelegatingMethodAccessorImpl.invoke(DelegatingMethodAccessorImpl.java:43)
	at java.base/java.lang.reflect.Method.invoke(Method.java:567)
	at org.testng.internal.MethodInvocationHelper.invokeMethod(MethodInvocationHelper.java:133)
	at org.testng.internal.TestInvoker.invokeMethod(TestInvoker.java:584)
	at org.testng.internal.TestInvoker.invokeTestMethod(TestInvoker.java:172)
	at org.testng.internal.MethodRunner.runInSequence(MethodRunner.java:46)
	at org.testng.internal.TestInvoker$MethodInvocationAgent.invoke(TestInvoker.java:804)
	at org.testng.internal.TestInvoker.invokeTestMethods(TestInvoker.java:145)
	at org.testng.internal.TestMethodWorker.invokeTestMethods(TestMethodWorker.java:146)
	at org.testng.internal.TestMethodWorker.run(TestMethodWorker.java:128)
	at java.base/java.util.ArrayList.forEach(ArrayList.java:1511)
	at org.testng.TestRunner.privateRun(TestRunner.java:770)
	at org.testng.TestRunner.run(TestRunner.java:591)
	at org.testng.SuiteRunner.runTest(SuiteRunner.java:402)
	at org.testng.SuiteRunner.runSequentially(SuiteRunner.java:396)
	at org.testng.SuiteRunner.privateRun(SuiteRunner.java:355)
	at org.testng.SuiteRunner.run(SuiteRunner.java:304)
	at org.testng.SuiteRunnerWorker.runSuite(SuiteRunnerWorker.java:53)
	at org.testng.SuiteRunnerWorker.run(SuiteRunnerWorker.java:96)
	at org.testng.TestNG.runSuitesSequentially(TestNG.java:1180)
	at org.testng.TestNG.runSuitesLocally(TestNG.java:1102)
	at org.testng.TestNG.runSuites(TestNG.java:1032)
	at org.testng.TestNG.run(TestNG.java:1000)
	at org.testng.remote.AbstractRemoteTestNG.run(AbstractRemoteTestNG.java:115)
	at org.testng.remote.RemoteTestNG.initAndRun(RemoteTestNG.java:251)
	at org.testng.remote.RemoteTestNG.main(RemoteTestNG.java:77)
</pre></div></td>
<td>50</td>
<td>scripts.PoliceSmokeTest87@11bd0f3b</td></tr>
</table><p>
<table width='100%' border='1' class='invocation-passed'>
<tr><td colspan='4' align='center'><b>PASSED TESTS</b></td></tr>
<tr><td><b>Test method</b></td>
<td width="30%"><b>Exception</b></td>
<td width="10%"><b>Time (seconds)</b></td>
<td><b>Instance</b></td>
</tr>
<tr>
<td title='scripts.PoliceSmokeTest87.AlarmModuleSmokeTestScriptAlarm()'><b>AlarmModuleSmokeTestScriptAlarm</b><br>Test class: scripts.PoliceSmokeTest87<br>Parameters: org.testng.TestRunner@3c1e23ff</td>
<td></td>
<td>372</td>
<td>scripts.PoliceSmokeTest87@11bd0f3b</td></tr>
<tr>
<td title='scripts.PoliceSmokeTest87.AnimalControlModuleSmokeTestScript()'><b>AnimalControlModuleSmokeTestScript</b><br>Test class: scripts.PoliceSmokeTest87<br>Parameters: org.testng.TestRunner@3c1e23ff</td>
<td></td>
<td>408</td>
<td>scripts.PoliceSmokeTest87@11bd0f3b</td></tr>
<tr>
<td title='scripts.PoliceSmokeTest87.CIVILModuleSmokeTestScript()'><b>CIVILModuleSmokeTestScript</b><br>Test class: scripts.PoliceSmokeTest87<br>Parameters: org.testng.TestRunner@3c1e23ff</td>
<td></td>
<td>619</td>
<td>scripts.PoliceSmokeTest87@11bd0f3b</td></tr>
<tr>
<td title='scripts.PoliceSmokeTest87.CMModuleSmokeTestScript()'><b>CMModuleSmokeTestScript</b><br>Test class: scripts.PoliceSmokeTest87<br>Parameters: org.testng.TestRunner@3c1e23ff</td>
<td></td>
<td>1531</td>
<td>scripts.PoliceSmokeTest87@11bd0f3b</td></tr>
<tr>
<td title='scripts.PoliceSmokeTest87.CoronerModuleSmokeTestScript()'><b>CoronerModuleSmokeTestScript</b><br>Test class: scripts.PoliceSmokeTest87<br>Parameters: org.testng.TestRunner@3c1e23ff</td>
<td></td>
<td>289</td>
<td>scripts.PoliceSmokeTest87@11bd0f3b</td></tr>
<tr>
<td title='scripts.PoliceSmokeTest87.PropertyModuleSmokeTestScripts()'><b>PropertyModuleSmokeTestScripts</b><br>Test class: scripts.PoliceSmokeTest87<br>Parameters: org.testng.TestRunner@3c1e23ff</td>
<td></td>
<td>766</td>
<td>scripts.PoliceSmokeTest87@11bd0f3b</td></tr>
<tr>
<td title='scripts.PoliceSmokeTest87.SmokeTestScripts_Traffic_()'><b>SmokeTestScripts_Traffic_</b><br>Test class: scripts.PoliceSmokeTest87<br>Parameters: org.testng.TestRunner@3c1e23ff</td>
<td></td>
<td>552</td>
<td>scripts.PoliceSmokeTest87@11bd0f3b</td></tr>
</table><p>
</body>
</html>