<?xml version="1.0" encoding="UTF-8"?>
<testng-results ignored="25" total="26" passed="0" failed="1" skipped="0">
  <reporter-output>
  </reporter-output>
  <suite started-at="2022-03-04T19:21:04 IST" name="Default suite" finished-at="2022-03-04T19:24:46 IST" duration-ms="221820">
    <groups>
      <group name="Base87">
        <method signature="BaseSmokeTest87.AdmissionBookingSmokeTestScript(org.testng.ITestContext)[pri:0, instance:scripts.BaseSmokeTest87@625732]" name="AdmissionBookingSmokeTestScript" class="scripts.BaseSmokeTest87"/>
      </group> <!-- Base87 -->
    </groups>
    <test started-at="2022-03-04T19:21:04 IST" name="Default test" finished-at="2022-03-04T19:24:46 IST" duration-ms="221820">
      <class name="scripts.BaseSmokeTest87">
        <test-method is-config="true" signature="beforeRunSuite(org.testng.ITestContext)[pri:0, instance:scripts.BaseSmokeTest87@625732]" started-at="2022-03-04T19:21:04 IST" name="beforeRunSuite" finished-at="2022-03-04T19:21:04 IST" duration-ms="150" status="PASS">
          <params>
            <param index="0">
              <value>
                <![CDATA[org.testng.TestRunner@68ace111]]>
              </value>
            </param>
          </params>
          <reporter-output>
          </reporter-output>
        </test-method> <!-- beforeRunSuite -->
        <test-method is-config="true" signature="beforeMethodRecords(org.testng.ITestContext)[pri:0, instance:scripts.BaseSmokeTest87@625732]" started-at="2022-03-04T19:21:04 IST" name="beforeMethodRecords" finished-at="2022-03-04T19:21:11 IST" duration-ms="7085" status="PASS">
          <params>
            <param index="0">
              <value>
                <![CDATA[org.testng.TestRunner@68ace111]]>
              </value>
            </param>
          </params>
          <reporter-output>
          </reporter-output>
        </test-method> <!-- beforeMethodRecords -->
        <test-method signature="AdmissionBookingSmokeTestScript(org.testng.ITestContext)[pri:0, instance:scripts.BaseSmokeTest87@625732]" started-at="2022-03-04T19:21:11 IST" name="AdmissionBookingSmokeTestScript" finished-at="2022-03-04T19:24:34 IST" duration-ms="203320" status="FAIL">
          <params>
            <param index="0">
              <value>
                <![CDATA[org.testng.TestRunner@68ace111]]>
              </value>
            </param>
          </params>
          <exception class="org.openqa.selenium.NoSuchElementException">
            <message>
              <![CDATA[no such element: Unable to locate element: {"method":"xpath","selector":"//input[@id='tabSuspSrch_tmpl0_UsrBondReceiptSrch1_dttmFrom_Date_KPIDttmCtrl']"}
  (Session info: chrome=98.0.4758.102)
For documentation on this error, please visit: https://www.seleniumhq.org/exceptions/no_such_element.html
Build info: version: '3.141.59', revision: 'e82be7d358', time: '2018-11-14T08:17:03'
System info: host: 'CHPNXDT-604', ip: '192.168.10.214', os.name: 'Windows 10', os.arch: 'amd64', os.version: '10.0', java.version: '16.0.2'
Driver info: org.openqa.selenium.remote.RemoteWebDriver
Capabilities {acceptInsecureCerts: false, browserName: chrome, browserVersion: 98.0.4758.102, chrome: {chromedriverVersion: 98.0.4758.48 (d869ab3eda606..., userDataDir: C:\Users\qaa\AppData\Local\...}, goog:chromeOptions: {debuggerAddress: localhost:56827}, javascriptEnabled: true, networkConnectionEnabled: false, pageLoadStrategy: normal, platform: WINDOWS, platformName: WINDOWS, proxy: Proxy(), setWindowRect: true, strictFileInteractability: false, timeouts: {implicit: 0, pageLoad: 300000, script: 30000}, unhandledPromptBehavior: dismiss and notify, webauthn:extension:credBlob: true, webauthn:extension:largeBlob: true, webauthn:virtualAuthenticators: true, webdriver.remote.sessionid: 9ee9e7ed07e166536f7c3f8d623...}
Session ID: 9ee9e7ed07e166536f7c3f8d6233e687
*** Element info: {Using=xpath, value=//input[@id='tabSuspSrch_tmpl0_UsrBondReceiptSrch1_dttmFrom_Date_KPIDttmCtrl']}]]>
            </message>
            <full-stacktrace>
              <![CDATA[org.openqa.selenium.NoSuchElementException: no such element: Unable to locate element: {"method":"xpath","selector":"//input[@id='tabSuspSrch_tmpl0_UsrBondReceiptSrch1_dttmFrom_Date_KPIDttmCtrl']"}
  (Session info: chrome=98.0.4758.102)
For documentation on this error, please visit: https://www.seleniumhq.org/exceptions/no_such_element.html
Build info: version: '3.141.59', revision: 'e82be7d358', time: '2018-11-14T08:17:03'
System info: host: 'CHPNXDT-604', ip: '192.168.10.214', os.name: 'Windows 10', os.arch: 'amd64', os.version: '10.0', java.version: '16.0.2'
Driver info: org.openqa.selenium.remote.RemoteWebDriver
Capabilities {acceptInsecureCerts: false, browserName: chrome, browserVersion: 98.0.4758.102, chrome: {chromedriverVersion: 98.0.4758.48 (d869ab3eda606..., userDataDir: C:\Users\qaa\AppData\Local\...}, goog:chromeOptions: {debuggerAddress: localhost:56827}, javascriptEnabled: true, networkConnectionEnabled: false, pageLoadStrategy: normal, platform: WINDOWS, platformName: WINDOWS, proxy: Proxy(), setWindowRect: true, strictFileInteractability: false, timeouts: {implicit: 0, pageLoad: 300000, script: 30000}, unhandledPromptBehavior: dismiss and notify, webauthn:extension:credBlob: true, webauthn:extension:largeBlob: true, webauthn:virtualAuthenticators: true, webdriver.remote.sessionid: 9ee9e7ed07e166536f7c3f8d623...}
Session ID: 9ee9e7ed07e166536f7c3f8d6233e687
*** Element info: {Using=xpath, value=//input[@id='tabSuspSrch_tmpl0_UsrBondReceiptSrch1_dttmFrom_Date_KPIDttmCtrl']}
at java.base/jdk.internal.reflect.NativeConstructorAccessorImpl.newInstance0(Native Method)
at java.base/jdk.internal.reflect.NativeConstructorAccessorImpl.newInstance(NativeConstructorAccessorImpl.java:78)
at java.base/jdk.internal.reflect.DelegatingConstructorAccessorImpl.newInstance(DelegatingConstructorAccessorImpl.java:45)
at java.base/java.lang.reflect.Constructor.newInstanceWithCaller(Constructor.java:499)
at java.base/java.lang.reflect.Constructor.newInstance(Constructor.java:480)
at org.openqa.selenium.remote.http.W3CHttpResponseCodec.createException(W3CHttpResponseCodec.java:187)
at org.openqa.selenium.remote.http.W3CHttpResponseCodec.decode(W3CHttpResponseCodec.java:122)
at org.openqa.selenium.remote.http.W3CHttpResponseCodec.decode(W3CHttpResponseCodec.java:49)
at org.openqa.selenium.remote.HttpCommandExecutor.execute(HttpCommandExecutor.java:158)
at org.openqa.selenium.remote.RemoteWebDriver.execute(RemoteWebDriver.java:552)
at org.openqa.selenium.remote.RemoteWebDriver.findElement(RemoteWebDriver.java:323)
at org.openqa.selenium.remote.RemoteWebDriver.findElementByXPath(RemoteWebDriver.java:428)
at org.openqa.selenium.By$ByXPath.findElement(By.java:353)
at org.openqa.selenium.remote.RemoteWebDriver.findElement(RemoteWebDriver.java:315)
at scripts.BaseSmokeTest87.AdmissionBookingSmokeTestScript(BaseSmokeTest87.java:346)
at java.base/jdk.internal.reflect.NativeMethodAccessorImpl.invoke0(Native Method)
at java.base/jdk.internal.reflect.NativeMethodAccessorImpl.invoke(NativeMethodAccessorImpl.java:78)
at java.base/jdk.internal.reflect.DelegatingMethodAccessorImpl.invoke(DelegatingMethodAccessorImpl.java:43)
at java.base/java.lang.reflect.Method.invoke(Method.java:567)
at org.testng.internal.MethodInvocationHelper.invokeMethod(MethodInvocationHelper.java:133)
at org.testng.internal.TestInvoker.invokeMethod(TestInvoker.java:584)
at org.testng.internal.TestInvoker.invokeTestMethod(TestInvoker.java:172)
at org.testng.internal.MethodRunner.runInSequence(MethodRunner.java:46)
at org.testng.internal.TestInvoker$MethodInvocationAgent.invoke(TestInvoker.java:804)
at org.testng.internal.TestInvoker.invokeTestMethods(TestInvoker.java:145)
at org.testng.internal.TestMethodWorker.invokeTestMethods(TestMethodWorker.java:146)
at org.testng.internal.TestMethodWorker.run(TestMethodWorker.java:128)
at java.base/java.util.ArrayList.forEach(ArrayList.java:1511)
at org.testng.TestRunner.privateRun(TestRunner.java:770)
at org.testng.TestRunner.run(TestRunner.java:591)
at org.testng.SuiteRunner.runTest(SuiteRunner.java:402)
at org.testng.SuiteRunner.runSequentially(SuiteRunner.java:396)
at org.testng.SuiteRunner.privateRun(SuiteRunner.java:355)
at org.testng.SuiteRunner.run(SuiteRunner.java:304)
at org.testng.SuiteRunnerWorker.runSuite(SuiteRunnerWorker.java:53)
at org.testng.SuiteRunnerWorker.run(SuiteRunnerWorker.java:96)
at org.testng.TestNG.runSuitesSequentially(TestNG.java:1180)
at org.testng.TestNG.runSuitesLocally(TestNG.java:1102)
at org.testng.TestNG.runSuites(TestNG.java:1032)
at org.testng.TestNG.run(TestNG.java:1000)
at org.testng.remote.AbstractRemoteTestNG.run(AbstractRemoteTestNG.java:115)
at org.testng.remote.RemoteTestNG.initAndRun(RemoteTestNG.java:251)
at org.testng.remote.RemoteTestNG.main(RemoteTestNG.java:77)
]]>
            </full-stacktrace>
          </exception> <!-- org.openqa.selenium.NoSuchElementException -->
          <reporter-output>
          </reporter-output>
        </test-method> <!-- AdmissionBookingSmokeTestScript -->
        <test-method is-config="true" signature="afterMethodRecords(org.testng.ITestResult)[pri:0, instance:scripts.BaseSmokeTest87@625732]" started-at="2022-03-04T19:24:34 IST" name="afterMethodRecords" finished-at="2022-03-04T19:24:46 IST" duration-ms="11395" status="PASS">
          <params>
            <param index="0">
              <value>
                <![CDATA[[TestResult name=AdmissionBookingSmokeTestScript status=FAILURE method=BaseSmokeTest87.AdmissionBookingSmokeTestScript(org.testng.ITestContext)[pri:0, instance:scripts.BaseSmokeTest87@625732] output={null}]]]>
              </value>
            </param>
          </params>
          <reporter-output>
          </reporter-output>
        </test-method> <!-- afterMethodRecords -->
        <test-method is-config="true" signature="afterRunSuite()[pri:0, instance:scripts.BaseSmokeTest87@625732]" started-at="2022-03-04T19:24:46 IST" name="afterRunSuite" finished-at="2022-03-04T19:24:46 IST" duration-ms="98" status="PASS">
          <reporter-output>
          </reporter-output>
        </test-method> <!-- afterRunSuite -->
      </class> <!-- scripts.BaseSmokeTest87 -->
    </test> <!-- Default test -->
  </suite> <!-- Default suite -->
</testng-results>
