<?xml version="1.0" encoding="UTF-8"?>
<!-- Generated by org.testng.reporters.JUnitXMLReporter -->
<testsuite ignored="10" hostname="CHPNXDT-604" failures="2" tests="16" name="SmokeTestBase" time="8617.274" errors="0" timestamp="2022-03-03T22:40:27 IST">
  <testcase classname="scripts.BaseSmokeTest87" name="AccountingModuleSmokeTest" time="554.39"/>
  <testcase classname="scripts.BaseSmokeTest87" name="AdmissionBookingSmokeTestScript" time="368.725"/>
  <testcase classname="scripts.BaseSmokeTest87" name="BISmokeTest" time="372.167"/>
  <testcase classname="scripts.BaseSmokeTest87" name="CADModuleSmokeTestScript" time="703.488"/>
  <testcase classname="scripts.BaseSmokeTest87" name="CourtModuleSmokeTestScript" time="557.753"/>
  <testcase classname="scripts.BaseSmokeTest87" name="EmploymentApplicantsModuleSmokeTestScripts" time="304.883"/>
  <testcase classname="scripts.BaseSmokeTest87" name="FireStaticModuleSmokeTestScripts" time="547.097"/>
  <testcase classname="scripts.BaseSmokeTest87" name="GeoModuleSmokeTestScripts" time="1111.377"/>
  <testcase classname="scripts.BaseSmokeTest87" name="HelpDeskModuleSmokeTestScripts" time="124.966"/>
  <testcase classname="scripts.BaseSmokeTest87" name="HomeModuleSmokeTestScripts" time="367.201"/>
  <testcase classname="scripts.BaseSmokeTest87" name="InventoryFleetModuleSmokeTestScripts" time="435.258">
    <failure type="java.lang.AssertionError" message="did not expect to find [true] but found [false]">
      <![CDATA[java.lang.AssertionError: did not expect to find [true] but found [false]
at application.Popup$Acknowledge.okWithExpectedMessage(Popup.java:392)
at scripts.BaseSmokeTest87.InventoryFleetModuleSmokeTestScripts(BaseSmokeTest87.java:1334)
at java.base/java.util.ArrayList.forEach(ArrayList.java:1511)
... Removed 31 stack frames]]>
    </failure>
  </testcase> <!-- InventoryFleetModuleSmokeTestScripts -->
  <testcase classname="scripts.BaseSmokeTest87" name="K9ModuleSmokeTestScripts" time="747.435"/>
  <testcase classname="scripts.BaseSmokeTest87" name="NamesModuleSmokeTestScripts" time="993.38"/>
  <testcase classname="scripts.BaseSmokeTest87" name="PersonnelModuleSmokeTestScripts" time="593.175">
    <failure type="java.lang.AssertionError" message="did not expect to find [true] but found [false]">
      <![CDATA[java.lang.AssertionError: did not expect to find [true] but found [false]
at application.Popup$Acknowledge.okWithExpectedMessage(Popup.java:392)
at scripts.BaseSmokeTest87.PersonnelModuleSmokeTestScripts(BaseSmokeTest87.java:1662)
at java.base/java.util.ArrayList.forEach(ArrayList.java:1511)
... Removed 31 stack frames]]>
    </failure>
  </testcase> <!-- PersonnelModuleSmokeTestScripts -->
  <testcase classname="scripts.BaseSmokeTest87" name="SettingsSysParameterJurisSmokeTestScripts" time="186.876"/>
  <testcase classname="scripts.BaseSmokeTest87" name="SmokeTestScripts_Vehicle_" time="394.246"/>
  <testcase classname="scripts.BaseSmokeTest87" name="FacilityManagementModuleSmokeTestScripts" time="0.0">
    <ignored/>
  </testcase> <!-- FacilityManagementModuleSmokeTestScripts -->
  <testcase classname="scripts.BaseSmokeTest87" name="DetailWorkModuleSmokeTestScript" time="0.0">
    <ignored/>
  </testcase> <!-- DetailWorkModuleSmokeTestScript -->
  <testcase classname="scripts.BaseSmokeTest87" name="SmokeTestScripts_Video_" time="0.0">
    <ignored/>
  </testcase> <!-- SmokeTestScripts_Video_ -->
  <testcase classname="scripts.BaseSmokeTest87" name="SmokeTestScripts_Training_" time="0.0">
    <ignored/>
  </testcase> <!-- SmokeTestScripts_Training_ -->
  <testcase classname="scripts.BaseSmokeTest87" name="SmokeTestScripts_ZSettings_" time="0.0">
    <ignored/>
  </testcase> <!-- SmokeTestScripts_ZSettings_ -->
  <testcase classname="scripts.BaseSmokeTest87" name="SmokeTestScripts_Scheduling_" time="0.0">
    <ignored/>
  </testcase> <!-- SmokeTestScripts_Scheduling_ -->
  <testcase classname="scripts.BaseSmokeTest87" name="MedicalModuleSmokeTestScripts" time="0.0">
    <ignored/>
  </testcase> <!-- MedicalModuleSmokeTestScripts -->
  <testcase classname="scripts.BaseSmokeTest87" name="CitizenServicesModuleSmokeTestScript" time="0.0">
    <ignored/>
  </testcase> <!-- CitizenServicesModuleSmokeTestScript -->
  <testcase classname="scripts.BaseSmokeTest87" name="DocumentMgmtModuleSmokeTestScripts" time="0.0">
    <ignored/>
  </testcase> <!-- DocumentMgmtModuleSmokeTestScripts -->
  <testcase classname="scripts.BaseSmokeTest87" name="ActivityModuleSmokeTestScript" time="0.0">
    <ignored/>
  </testcase> <!-- ActivityModuleSmokeTestScript -->
</testsuite> <!-- SmokeTestBase -->
