<?xml version="1.0" encoding="UTF-8"?>
<!-- Generated by org.testng.reporters.JUnitXMLReporter -->
<testsuite ignored="16" hostname="CHPNXDT-604" failures="2" tests="10" name="SmokeTestCMS" time="4772.53" errors="0" timestamp="2022-03-04T12:46:10 IST">
  <testcase classname="scripts.BaseSmokeTest87" name="ActivityModuleSmokeTestScript" time="151.166"/>
  <testcase classname="scripts.BaseSmokeTest87" name="CitizenServicesModuleSmokeTestScript" time="1222.964"/>
  <testcase classname="scripts.BaseSmokeTest87" name="DetailWorkModuleSmokeTestScript" time="424.329"/>
  <testcase classname="scripts.BaseSmokeTest87" name="DocumentMgmtModuleSmokeTestScripts" time="297.765"/>
  <testcase classname="scripts.BaseSmokeTest87" name="FacilityManagementModuleSmokeTestScripts" time="400.619"/>
  <testcase classname="scripts.BaseSmokeTest87" name="MedicalModuleSmokeTestScripts" time="252.068"/>
  <testcase classname="scripts.BaseSmokeTest87" name="SmokeTestScripts_Scheduling_" time="585.108"/>
  <testcase classname="scripts.BaseSmokeTest87" name="SmokeTestScripts_Training_" time="556.299">
    <failure type="org.openqa.selenium.ElementNotInteractableException" message="element not interactable
  (Session info: chrome=98.0.4758.102)
Build info: version: &amp;apos;3.141.59&amp;apos;, revision: &amp;apos;e82be7d358&amp;apos;, time: &amp;apos;2018-11-14T08:17:03&amp;apos;
System info: host: &amp;apos;CHPNXDT-604&amp;apos;, ip: &amp;apos;192.168.10.214&amp;apos;, os.name: &amp;apos;Windows 10&amp;apos;, os.arch: &amp;apos;amd64&amp;apos;, os.version: &amp;apos;10.0&amp;apos;, java.version: &amp;apos;16.0.2&amp;apos;
Driver info: org.openqa.selenium.remote.RemoteWebDriver
Capabilities {acceptInsecureCerts: false, browserName: chrome, browserVersion: 98.0.4758.102, chrome: {chromedriverVersion: 98.0.4758.48 (d869ab3eda606..., userDataDir: C:\Users\qaa\AppData\Local\...}, goog:chromeOptions: {debuggerAddress: localhost:54744}, javascriptEnabled: true, networkConnectionEnabled: false, pageLoadStrategy: normal, platform: WINDOWS, platformName: WINDOWS, proxy: Proxy(), setWindowRect: true, strictFileInteractability: false, timeouts: {implicit: 0, pageLoad: 300000, script: 30000}, unhandledPromptBehavior: dismiss and notify, webauthn:extension:credBlob: true, webauthn:extension:largeBlob: true, webauthn:virtualAuthenticators: true, webdriver.remote.sessionid: 08eae45be49ebc1b876ba6dd4ca...}
Session ID: 08eae45be49ebc1b876ba6dd4ca8d525">
      <![CDATA[org.openqa.selenium.ElementNotInteractableException: element not interactable
  (Session info: chrome=98.0.4758.102)
Build info: version: '3.141.59', revision: 'e82be7d358', time: '2018-11-14T08:17:03'
System info: host: 'CHPNXDT-604', ip: '192.168.10.214', os.name: 'Windows 10', os.arch: 'amd64', os.version: '10.0', java.version: '16.0.2'
Driver info: org.openqa.selenium.remote.RemoteWebDriver
Capabilities {acceptInsecureCerts: false, browserName: chrome, browserVersion: 98.0.4758.102, chrome: {chromedriverVersion: 98.0.4758.48 (d869ab3eda606..., userDataDir: C:\Users\qaa\AppData\Local\...}, goog:chromeOptions: {debuggerAddress: localhost:54744}, javascriptEnabled: true, networkConnectionEnabled: false, pageLoadStrategy: normal, platform: WINDOWS, platformName: WINDOWS, proxy: Proxy(), setWindowRect: true, strictFileInteractability: false, timeouts: {implicit: 0, pageLoad: 300000, script: 30000}, unhandledPromptBehavior: dismiss and notify, webauthn:extension:credBlob: true, webauthn:extension:largeBlob: true, webauthn:virtualAuthenticators: true, webdriver.remote.sessionid: 08eae45be49ebc1b876ba6dd4ca...}
Session ID: 08eae45be49ebc1b876ba6dd4ca8d525
at org.openqa.selenium.remote.http.W3CHttpResponseCodec.createException(W3CHttpResponseCodec.java:187)
at org.openqa.selenium.remote.http.W3CHttpResponseCodec.decode(W3CHttpResponseCodec.java:122)
at org.openqa.selenium.remote.http.W3CHttpResponseCodec.decode(W3CHttpResponseCodec.java:49)
at org.openqa.selenium.remote.HttpCommandExecutor.execute(HttpCommandExecutor.java:158)
at org.openqa.selenium.remote.RemoteWebDriver.execute(RemoteWebDriver.java:552)
at org.openqa.selenium.remote.RemoteWebElement.execute(RemoteWebElement.java:285)
at org.openqa.selenium.remote.RemoteWebElement.click(RemoteWebElement.java:84)
at scripts.BaseSmokeTest87.SmokeTestScripts_Training_(BaseSmokeTest87.java:1865)
at java.base/java.util.ArrayList.forEach(ArrayList.java:1511)
... Removed 32 stack frames]]>
    </failure>
  </testcase> <!-- SmokeTestScripts_Training_ -->
  <testcase classname="scripts.BaseSmokeTest87" name="SmokeTestScripts_Video_" time="293.602">
    <failure type="org.openqa.selenium.NoSuchSessionException" message="Session ID is null. Using WebDriver after calling quit()?
Build info: version: &amp;apos;3.141.59&amp;apos;, revision: &amp;apos;e82be7d358&amp;apos;, time: &amp;apos;2018-11-14T08:17:03&amp;apos;
System info: host: &amp;apos;CHPNXDT-604&amp;apos;, ip: &amp;apos;192.168.10.214&amp;apos;, os.name: &amp;apos;Windows 10&amp;apos;, os.arch: &amp;apos;amd64&amp;apos;, os.version: &amp;apos;10.0&amp;apos;, java.version: &amp;apos;16.0.2&amp;apos;
Driver info: driver.version: RemoteWebDriver">
      <![CDATA[org.openqa.selenium.NoSuchSessionException: Session ID is null. Using WebDriver after calling quit()?
Build info: version: '3.141.59', revision: 'e82be7d358', time: '2018-11-14T08:17:03'
System info: host: 'CHPNXDT-604', ip: '192.168.10.214', os.name: 'Windows 10', os.arch: 'amd64', os.version: '10.0', java.version: '16.0.2'
Driver info: driver.version: RemoteWebDriver
at org.openqa.selenium.remote.HttpCommandExecutor.execute(HttpCommandExecutor.java:125)
at org.openqa.selenium.remote.RemoteWebDriver.execute(RemoteWebDriver.java:552)
at org.openqa.selenium.remote.RemoteWebDriver.findElement(RemoteWebDriver.java:323)
at org.openqa.selenium.remote.RemoteWebDriver.findElementById(RemoteWebDriver.java:372)
at org.openqa.selenium.By$ById.findElement(By.java:188)
at org.openqa.selenium.remote.RemoteWebDriver.findElement(RemoteWebDriver.java:315)
at org.openqa.selenium.support.pagefactory.DefaultElementLocator.findElement(DefaultElementLocator.java:69)
at org.openqa.selenium.support.pagefactory.internal.LocatingElementHandler.invoke(LocatingElementHandler.java:38)
at jdk.proxy2/jdk.proxy2.$Proxy14.click(Unknown Source)
at application.Popup$Acknowledge.okIfWindowExist(Popup.java:514)
at utilities.ObjectIdentification$SmokeTest.saveAndCloseTheScreenGlobal(ObjectIdentification.java:3819)
at scripts.BaseSmokeTest87.SmokeTestScripts_Video_(BaseSmokeTest87.java:1997)
at java.base/java.util.ArrayList.forEach(ArrayList.java:1511)
... Removed 27 stack frames]]>
    </failure>
  </testcase> <!-- SmokeTestScripts_Video_ -->
  <testcase classname="scripts.BaseSmokeTest87" name="SmokeTestScripts_ZSettings_" time="419.343"/>
  <testcase classname="scripts.BaseSmokeTest87" name="HelpDeskModuleSmokeTestScripts" time="0.0">
    <ignored/>
  </testcase> <!-- HelpDeskModuleSmokeTestScripts -->
  <testcase classname="scripts.BaseSmokeTest87" name="SmokeTestScripts_Vehicle_" time="0.0">
    <ignored/>
  </testcase> <!-- SmokeTestScripts_Vehicle_ -->
  <testcase classname="scripts.BaseSmokeTest87" name="SettingsSysParameterJurisSmokeTestScripts" time="0.0">
    <ignored/>
  </testcase> <!-- SettingsSysParameterJurisSmokeTestScripts -->
  <testcase classname="scripts.BaseSmokeTest87" name="FireStaticModuleSmokeTestScripts" time="0.0">
    <ignored/>
  </testcase> <!-- FireStaticModuleSmokeTestScripts -->
  <testcase classname="scripts.BaseSmokeTest87" name="NamesModuleSmokeTestScripts" time="0.0">
    <ignored/>
  </testcase> <!-- NamesModuleSmokeTestScripts -->
  <testcase classname="scripts.BaseSmokeTest87" name="AccountingModuleSmokeTest" time="0.0">
    <ignored/>
  </testcase> <!-- AccountingModuleSmokeTest -->
  <testcase classname="scripts.BaseSmokeTest87" name="CADModuleSmokeTestScript" time="0.0">
    <ignored/>
  </testcase> <!-- CADModuleSmokeTestScript -->
  <testcase classname="scripts.BaseSmokeTest87" name="PersonnelModuleSmokeTestScripts" time="0.0">
    <ignored/>
  </testcase> <!-- PersonnelModuleSmokeTestScripts -->
  <testcase classname="scripts.BaseSmokeTest87" name="InventoryFleetModuleSmokeTestScripts" time="0.0">
    <ignored/>
  </testcase> <!-- InventoryFleetModuleSmokeTestScripts -->
  <testcase classname="scripts.BaseSmokeTest87" name="HomeModuleSmokeTestScripts" time="0.0">
    <ignored/>
  </testcase> <!-- HomeModuleSmokeTestScripts -->
  <testcase classname="scripts.BaseSmokeTest87" name="BISmokeTest" time="0.0">
    <ignored/>
  </testcase> <!-- BISmokeTest -->
  <testcase classname="scripts.BaseSmokeTest87" name="CourtModuleSmokeTestScript" time="0.0">
    <ignored/>
  </testcase> <!-- CourtModuleSmokeTestScript -->
  <testcase classname="scripts.BaseSmokeTest87" name="K9ModuleSmokeTestScripts" time="0.0">
    <ignored/>
  </testcase> <!-- K9ModuleSmokeTestScripts -->
  <testcase classname="scripts.BaseSmokeTest87" name="GeoModuleSmokeTestScripts" time="0.0">
    <ignored/>
  </testcase> <!-- GeoModuleSmokeTestScripts -->
  <testcase classname="scripts.BaseSmokeTest87" name="EmploymentApplicantsModuleSmokeTestScripts" time="0.0">
    <ignored/>
  </testcase> <!-- EmploymentApplicantsModuleSmokeTestScripts -->
  <testcase classname="scripts.BaseSmokeTest87" name="AdmissionBookingSmokeTestScript" time="0.0">
    <ignored/>
  </testcase> <!-- AdmissionBookingSmokeTestScript -->
</testsuite> <!-- SmokeTestCMS -->
