<?xml version="1.0" encoding="UTF-8"?>
<testng-results ignored="0" total="9" passed="7" failed="2" skipped="0">
  <reporter-output>
  </reporter-output>
  <suite started-at="2022-03-03T20:17:03 IST" name="PoliceSmokeTest87" finished-at="2022-03-03T21:47:53 IST" duration-ms="5449989">
    <groups>
    </groups>
    <test started-at="2022-03-03T20:17:03 IST" name="SmokeTest" finished-at="2022-03-03T21:47:53 IST" duration-ms="5449989">
      <class name="scripts.PoliceSmokeTest87">
        <test-method is-config="true" signature="beforeRunSuite(org.testng.ITestContext)[pri:0, instance:scripts.PoliceSmokeTest87@11bd0f3b]" started-at="2022-03-03T20:17:03 IST" name="beforeRunSuite" finished-at="2022-03-03T20:17:03 IST" duration-ms="127" status="PASS">
          <params>
            <param index="0">
              <value>
                <![CDATA[org.testng.TestRunner@3c1e23ff]]>
              </value>
            </param>
          </params>
          <reporter-output>
          </reporter-output>
        </test-method> <!-- beforeRunSuite -->
        <test-method is-config="true" signature="beforeMethodRecords(org.testng.ITestContext)[pri:0, instance:scripts.PoliceSmokeTest87@11bd0f3b]" started-at="2022-03-03T20:17:03 IST" name="beforeMethodRecords" finished-at="2022-03-03T20:17:08 IST" duration-ms="4577" status="PASS">
          <params>
            <param index="0">
              <value>
                <![CDATA[org.testng.TestRunner@3c1e23ff]]>
              </value>
            </param>
          </params>
          <reporter-output>
          </reporter-output>
        </test-method> <!-- beforeMethodRecords -->
        <test-method signature="AlarmModuleSmokeTestScriptAlarm(org.testng.ITestContext)[pri:0, instance:scripts.PoliceSmokeTest87@11bd0f3b]" started-at="2022-03-03T20:17:08 IST" name="AlarmModuleSmokeTestScriptAlarm" finished-at="2022-03-03T20:23:20 IST" duration-ms="372808" status="PASS">
          <params>
            <param index="0">
              <value>
                <![CDATA[org.testng.TestRunner@3c1e23ff]]>
              </value>
            </param>
          </params>
          <reporter-output>
          </reporter-output>
        </test-method> <!-- AlarmModuleSmokeTestScriptAlarm -->
        <test-method is-config="true" signature="afterMethodRecords(org.testng.ITestResult)[pri:0, instance:scripts.PoliceSmokeTest87@11bd0f3b]" started-at="2022-03-03T20:23:20 IST" name="afterMethodRecords" finished-at="2022-03-03T20:23:32 IST" duration-ms="11126" status="PASS">
          <params>
            <param index="0">
              <value>
                <![CDATA[[TestResult name=AlarmModuleSmokeTestScriptAlarm status=SUCCESS method=PoliceSmokeTest87.AlarmModuleSmokeTestScriptAlarm(org.testng.ITestContext)[pri:0, instance:scripts.PoliceSmokeTest87@11bd0f3b] output={null}]]]>
              </value>
            </param>
          </params>
          <reporter-output>
          </reporter-output>
        </test-method> <!-- afterMethodRecords -->
        <test-method is-config="true" signature="beforeMethodRecords(org.testng.ITestContext)[pri:0, instance:scripts.PoliceSmokeTest87@11bd0f3b]" started-at="2022-03-03T20:23:32 IST" name="beforeMethodRecords" finished-at="2022-03-03T20:23:35 IST" duration-ms="3934" status="PASS">
          <params>
            <param index="0">
              <value>
                <![CDATA[org.testng.TestRunner@3c1e23ff]]>
              </value>
            </param>
          </params>
          <reporter-output>
          </reporter-output>
        </test-method> <!-- beforeMethodRecords -->
        <test-method signature="AnimalControlModuleSmokeTestScript(org.testng.ITestContext)[pri:0, instance:scripts.PoliceSmokeTest87@11bd0f3b]" started-at="2022-03-03T20:23:35 IST" name="AnimalControlModuleSmokeTestScript" finished-at="2022-03-03T20:30:24 IST" duration-ms="408374" status="PASS">
          <params>
            <param index="0">
              <value>
                <![CDATA[org.testng.TestRunner@3c1e23ff]]>
              </value>
            </param>
          </params>
          <reporter-output>
          </reporter-output>
        </test-method> <!-- AnimalControlModuleSmokeTestScript -->
        <test-method is-config="true" signature="afterMethodRecords(org.testng.ITestResult)[pri:0, instance:scripts.PoliceSmokeTest87@11bd0f3b]" started-at="2022-03-03T20:30:24 IST" name="afterMethodRecords" finished-at="2022-03-03T20:30:34 IST" duration-ms="10625" status="PASS">
          <params>
            <param index="0">
              <value>
                <![CDATA[[TestResult name=AnimalControlModuleSmokeTestScript status=SUCCESS method=PoliceSmokeTest87.AnimalControlModuleSmokeTestScript(org.testng.ITestContext)[pri:0, instance:scripts.PoliceSmokeTest87@11bd0f3b] output={null}]]]>
              </value>
            </param>
          </params>
          <reporter-output>
          </reporter-output>
        </test-method> <!-- afterMethodRecords -->
        <test-method is-config="true" signature="beforeMethodRecords(org.testng.ITestContext)[pri:0, instance:scripts.PoliceSmokeTest87@11bd0f3b]" started-at="2022-03-03T20:30:34 IST" name="beforeMethodRecords" finished-at="2022-03-03T20:30:39 IST" duration-ms="4267" status="PASS">
          <params>
            <param index="0">
              <value>
                <![CDATA[org.testng.TestRunner@3c1e23ff]]>
              </value>
            </param>
          </params>
          <reporter-output>
          </reporter-output>
        </test-method> <!-- beforeMethodRecords -->
        <test-method signature="CIVILModuleSmokeTestScript(org.testng.ITestContext)[pri:0, instance:scripts.PoliceSmokeTest87@11bd0f3b]" started-at="2022-03-03T20:30:39 IST" name="CIVILModuleSmokeTestScript" finished-at="2022-03-03T20:40:58 IST" duration-ms="619028" status="PASS">
          <params>
            <param index="0">
              <value>
                <![CDATA[org.testng.TestRunner@3c1e23ff]]>
              </value>
            </param>
          </params>
          <reporter-output>
          </reporter-output>
        </test-method> <!-- CIVILModuleSmokeTestScript -->
        <test-method is-config="true" signature="afterMethodRecords(org.testng.ITestResult)[pri:0, instance:scripts.PoliceSmokeTest87@11bd0f3b]" started-at="2022-03-03T20:40:58 IST" name="afterMethodRecords" finished-at="2022-03-03T20:41:08 IST" duration-ms="10506" status="PASS">
          <params>
            <param index="0">
              <value>
                <![CDATA[[TestResult name=CIVILModuleSmokeTestScript status=SUCCESS method=PoliceSmokeTest87.CIVILModuleSmokeTestScript(org.testng.ITestContext)[pri:0, instance:scripts.PoliceSmokeTest87@11bd0f3b] output={null}]]]>
              </value>
            </param>
          </params>
          <reporter-output>
          </reporter-output>
        </test-method> <!-- afterMethodRecords -->
        <test-method is-config="true" signature="beforeMethodRecords(org.testng.ITestContext)[pri:0, instance:scripts.PoliceSmokeTest87@11bd0f3b]" started-at="2022-03-03T20:41:08 IST" name="beforeMethodRecords" finished-at="2022-03-03T20:41:13 IST" duration-ms="4355" status="PASS">
          <params>
            <param index="0">
              <value>
                <![CDATA[org.testng.TestRunner@3c1e23ff]]>
              </value>
            </param>
          </params>
          <reporter-output>
          </reporter-output>
        </test-method> <!-- beforeMethodRecords -->
        <test-method signature="CMModuleSmokeTestScript(org.testng.ITestContext)[pri:0, instance:scripts.PoliceSmokeTest87@11bd0f3b]" started-at="2022-03-03T20:41:13 IST" name="CMModuleSmokeTestScript" finished-at="2022-03-03T21:06:44 IST" duration-ms="1531849" status="PASS">
          <params>
            <param index="0">
              <value>
                <![CDATA[org.testng.TestRunner@3c1e23ff]]>
              </value>
            </param>
          </params>
          <reporter-output>
          </reporter-output>
        </test-method> <!-- CMModuleSmokeTestScript -->
        <test-method is-config="true" signature="afterMethodRecords(org.testng.ITestResult)[pri:0, instance:scripts.PoliceSmokeTest87@11bd0f3b]" started-at="2022-03-03T21:06:44 IST" name="afterMethodRecords" finished-at="2022-03-03T21:06:55 IST" duration-ms="10551" status="PASS">
          <params>
            <param index="0">
              <value>
                <![CDATA[[TestResult name=CMModuleSmokeTestScript status=SUCCESS method=PoliceSmokeTest87.CMModuleSmokeTestScript(org.testng.ITestContext)[pri:0, instance:scripts.PoliceSmokeTest87@11bd0f3b] output={null}]]]>
              </value>
            </param>
          </params>
          <reporter-output>
          </reporter-output>
        </test-method> <!-- afterMethodRecords -->
        <test-method is-config="true" signature="beforeMethodRecords(org.testng.ITestContext)[pri:0, instance:scripts.PoliceSmokeTest87@11bd0f3b]" started-at="2022-03-03T21:06:55 IST" name="beforeMethodRecords" finished-at="2022-03-03T21:06:59 IST" duration-ms="4450" status="PASS">
          <params>
            <param index="0">
              <value>
                <![CDATA[org.testng.TestRunner@3c1e23ff]]>
              </value>
            </param>
          </params>
          <reporter-output>
          </reporter-output>
        </test-method> <!-- beforeMethodRecords -->
        <test-method signature="CoronerModuleSmokeTestScript(org.testng.ITestContext)[pri:0, instance:scripts.PoliceSmokeTest87@11bd0f3b]" started-at="2022-03-03T21:06:59 IST" name="CoronerModuleSmokeTestScript" finished-at="2022-03-03T21:11:49 IST" duration-ms="289706" status="PASS">
          <params>
            <param index="0">
              <value>
                <![CDATA[org.testng.TestRunner@3c1e23ff]]>
              </value>
            </param>
          </params>
          <reporter-output>
          </reporter-output>
        </test-method> <!-- CoronerModuleSmokeTestScript -->
        <test-method is-config="true" signature="afterMethodRecords(org.testng.ITestResult)[pri:0, instance:scripts.PoliceSmokeTest87@11bd0f3b]" started-at="2022-03-03T21:11:49 IST" name="afterMethodRecords" finished-at="2022-03-03T21:12:00 IST" duration-ms="10532" status="PASS">
          <params>
            <param index="0">
              <value>
                <![CDATA[[TestResult name=CoronerModuleSmokeTestScript status=SUCCESS method=PoliceSmokeTest87.CoronerModuleSmokeTestScript(org.testng.ITestContext)[pri:0, instance:scripts.PoliceSmokeTest87@11bd0f3b] output={null}]]]>
              </value>
            </param>
          </params>
          <reporter-output>
          </reporter-output>
        </test-method> <!-- afterMethodRecords -->
        <test-method is-config="true" signature="beforeMethodRecords(org.testng.ITestContext)[pri:0, instance:scripts.PoliceSmokeTest87@11bd0f3b]" started-at="2022-03-03T21:12:00 IST" name="beforeMethodRecords" finished-at="2022-03-03T21:12:04 IST" duration-ms="3963" status="PASS">
          <params>
            <param index="0">
              <value>
                <![CDATA[org.testng.TestRunner@3c1e23ff]]>
              </value>
            </param>
          </params>
          <reporter-output>
          </reporter-output>
        </test-method> <!-- beforeMethodRecords -->
        <test-method signature="PropertyModuleSmokeTestScripts(org.testng.ITestContext)[pri:0, instance:scripts.PoliceSmokeTest87@11bd0f3b]" started-at="2022-03-03T21:12:04 IST" name="PropertyModuleSmokeTestScripts" finished-at="2022-03-03T21:24:50 IST" duration-ms="766282" status="PASS">
          <params>
            <param index="0">
              <value>
                <![CDATA[org.testng.TestRunner@3c1e23ff]]>
              </value>
            </param>
          </params>
          <reporter-output>
          </reporter-output>
        </test-method> <!-- PropertyModuleSmokeTestScripts -->
        <test-method is-config="true" signature="afterMethodRecords(org.testng.ITestResult)[pri:0, instance:scripts.PoliceSmokeTest87@11bd0f3b]" started-at="2022-03-03T21:24:50 IST" name="afterMethodRecords" finished-at="2022-03-03T21:25:01 IST" duration-ms="10580" status="PASS">
          <params>
            <param index="0">
              <value>
                <![CDATA[[TestResult name=PropertyModuleSmokeTestScripts status=SUCCESS method=PoliceSmokeTest87.PropertyModuleSmokeTestScripts(org.testng.ITestContext)[pri:0, instance:scripts.PoliceSmokeTest87@11bd0f3b] output={null}]]]>
              </value>
            </param>
          </params>
          <reporter-output>
          </reporter-output>
        </test-method> <!-- afterMethodRecords -->
        <test-method is-config="true" signature="beforeMethodRecords(org.testng.ITestContext)[pri:0, instance:scripts.PoliceSmokeTest87@11bd0f3b]" started-at="2022-03-03T21:25:01 IST" name="beforeMethodRecords" finished-at="2022-03-03T21:25:05 IST" duration-ms="4101" status="PASS">
          <params>
            <param index="0">
              <value>
                <![CDATA[org.testng.TestRunner@3c1e23ff]]>
              </value>
            </param>
          </params>
          <reporter-output>
          </reporter-output>
        </test-method> <!-- beforeMethodRecords -->
        <test-method signature="SmokeTestScripts_Records_(org.testng.ITestContext)[pri:0, instance:scripts.PoliceSmokeTest87@11bd0f3b]" started-at="2022-03-03T21:25:05 IST" name="SmokeTestScripts_Records_" finished-at="2022-03-03T21:37:08 IST" duration-ms="723735" status="FAIL">
          <params>
            <param index="0">
              <value>
                <![CDATA[org.testng.TestRunner@3c1e23ff]]>
              </value>
            </param>
          </params>
          <exception class="java.lang.IllegalArgumentException">
            <message>
              <![CDATA[bound must be positive]]>
            </message>
            <full-stacktrace>
              <![CDATA[java.lang.IllegalArgumentException: bound must be positive
at java.base/java.util.Random.nextInt(Random.java:388)
at utilities.Randomized.getRandomNumber(Randomized.java:324)
at utilities.ObjectIdentification$SmokeTest.selectRandomGridRow(ObjectIdentification.java:3585)
at scripts.PoliceSmokeTest87.SmokeTestScripts_Records_(PoliceSmokeTest87.java:577)
at java.base/jdk.internal.reflect.NativeMethodAccessorImpl.invoke0(Native Method)
at java.base/jdk.internal.reflect.NativeMethodAccessorImpl.invoke(NativeMethodAccessorImpl.java:78)
at java.base/jdk.internal.reflect.DelegatingMethodAccessorImpl.invoke(DelegatingMethodAccessorImpl.java:43)
at java.base/java.lang.reflect.Method.invoke(Method.java:567)
at org.testng.internal.MethodInvocationHelper.invokeMethod(MethodInvocationHelper.java:133)
at org.testng.internal.TestInvoker.invokeMethod(TestInvoker.java:584)
at org.testng.internal.TestInvoker.invokeTestMethod(TestInvoker.java:172)
at org.testng.internal.MethodRunner.runInSequence(MethodRunner.java:46)
at org.testng.internal.TestInvoker$MethodInvocationAgent.invoke(TestInvoker.java:804)
at org.testng.internal.TestInvoker.invokeTestMethods(TestInvoker.java:145)
at org.testng.internal.TestMethodWorker.invokeTestMethods(TestMethodWorker.java:146)
at org.testng.internal.TestMethodWorker.run(TestMethodWorker.java:128)
at java.base/java.util.ArrayList.forEach(ArrayList.java:1511)
at org.testng.TestRunner.privateRun(TestRunner.java:770)
at org.testng.TestRunner.run(TestRunner.java:591)
at org.testng.SuiteRunner.runTest(SuiteRunner.java:402)
at org.testng.SuiteRunner.runSequentially(SuiteRunner.java:396)
at org.testng.SuiteRunner.privateRun(SuiteRunner.java:355)
at org.testng.SuiteRunner.run(SuiteRunner.java:304)
at org.testng.SuiteRunnerWorker.runSuite(SuiteRunnerWorker.java:53)
at org.testng.SuiteRunnerWorker.run(SuiteRunnerWorker.java:96)
at org.testng.TestNG.runSuitesSequentially(TestNG.java:1180)
at org.testng.TestNG.runSuitesLocally(TestNG.java:1102)
at org.testng.TestNG.runSuites(TestNG.java:1032)
at org.testng.TestNG.run(TestNG.java:1000)
at org.testng.remote.AbstractRemoteTestNG.run(AbstractRemoteTestNG.java:115)
at org.testng.remote.RemoteTestNG.initAndRun(RemoteTestNG.java:251)
at org.testng.remote.RemoteTestNG.main(RemoteTestNG.java:77)
]]>
            </full-stacktrace>
          </exception> <!-- java.lang.IllegalArgumentException -->
          <reporter-output>
          </reporter-output>
        </test-method> <!-- SmokeTestScripts_Records_ -->
        <test-method is-config="true" signature="afterMethodRecords(org.testng.ITestResult)[pri:0, instance:scripts.PoliceSmokeTest87@11bd0f3b]" started-at="2022-03-03T21:37:08 IST" name="afterMethodRecords" finished-at="2022-03-03T21:37:20 IST" duration-ms="11180" status="PASS">
          <params>
            <param index="0">
              <value>
                <![CDATA[[TestResult name=SmokeTestScripts_Records_ status=FAILURE method=PoliceSmokeTest87.SmokeTestScripts_Records_(org.testng.ITestContext)[pri:0, instance:scripts.PoliceSmokeTest87@11bd0f3b] output={null}]]]>
              </value>
            </param>
          </params>
          <reporter-output>
          </reporter-output>
        </test-method> <!-- afterMethodRecords -->
        <test-method is-config="true" signature="beforeMethodRecords(org.testng.ITestContext)[pri:0, instance:scripts.PoliceSmokeTest87@11bd0f3b]" started-at="2022-03-03T21:37:20 IST" name="beforeMethodRecords" finished-at="2022-03-03T21:37:23 IST" duration-ms="3801" status="PASS">
          <params>
            <param index="0">
              <value>
                <![CDATA[org.testng.TestRunner@3c1e23ff]]>
              </value>
            </param>
          </params>
          <reporter-output>
          </reporter-output>
        </test-method> <!-- beforeMethodRecords -->
        <test-method signature="SmokeTestScripts_Traffic_(org.testng.ITestContext)[pri:0, instance:scripts.PoliceSmokeTest87@11bd0f3b]" started-at="2022-03-03T21:37:23 IST" name="SmokeTestScripts_Traffic_" finished-at="2022-03-03T21:46:36 IST" duration-ms="552281" status="PASS">
          <params>
            <param index="0">
              <value>
                <![CDATA[org.testng.TestRunner@3c1e23ff]]>
              </value>
            </param>
          </params>
          <reporter-output>
          </reporter-output>
        </test-method> <!-- SmokeTestScripts_Traffic_ -->
        <test-method is-config="true" signature="afterMethodRecords(org.testng.ITestResult)[pri:0, instance:scripts.PoliceSmokeTest87@11bd0f3b]" started-at="2022-03-03T21:46:36 IST" name="afterMethodRecords" finished-at="2022-03-03T21:46:46 IST" duration-ms="10649" status="PASS">
          <params>
            <param index="0">
              <value>
                <![CDATA[[TestResult name=SmokeTestScripts_Traffic_ status=SUCCESS method=PoliceSmokeTest87.SmokeTestScripts_Traffic_(org.testng.ITestContext)[pri:0, instance:scripts.PoliceSmokeTest87@11bd0f3b] output={null}]]]>
              </value>
            </param>
          </params>
          <reporter-output>
          </reporter-output>
        </test-method> <!-- afterMethodRecords -->
        <test-method is-config="true" signature="beforeMethodRecords(org.testng.ITestContext)[pri:0, instance:scripts.PoliceSmokeTest87@11bd0f3b]" started-at="2022-03-03T21:46:46 IST" name="beforeMethodRecords" finished-at="2022-03-03T21:46:51 IST" duration-ms="5154" status="PASS">
          <params>
            <param index="0">
              <value>
                <![CDATA[org.testng.TestRunner@3c1e23ff]]>
              </value>
            </param>
          </params>
          <reporter-output>
          </reporter-output>
        </test-method> <!-- beforeMethodRecords -->
        <test-method signature="SmokeTestScripts_Warrant_(org.testng.ITestContext)[pri:0, instance:scripts.PoliceSmokeTest87@11bd0f3b]" started-at="2022-03-03T21:46:51 IST" name="SmokeTestScripts_Warrant_" finished-at="2022-03-03T21:47:42 IST" duration-ms="50310" status="FAIL">
          <params>
            <param index="0">
              <value>
                <![CDATA[org.testng.TestRunner@3c1e23ff]]>
              </value>
            </param>
          </params>
          <exception class="org.openqa.selenium.NoSuchElementException">
            <message>
              <![CDATA[no such element: Unable to locate element: {"method":"xpath","selector":"//iframe[contains(@src,'Warrant Names Search')]"}
  (Session info: chrome=99.0.4844.51)
For documentation on this error, please visit: https://www.seleniumhq.org/exceptions/no_such_element.html
Build info: version: '3.141.59', revision: 'e82be7d358', time: '2018-11-14T08:17:03'
System info: host: 'CHPNXDT-604', ip: '192.168.10.214', os.name: 'Windows 10', os.arch: 'amd64', os.version: '10.0', java.version: '16.0.2'
Driver info: org.openqa.selenium.remote.RemoteWebDriver
Capabilities {acceptInsecureCerts: false, browserName: chrome, browserVersion: 99.0.4844.51, chrome: {chromedriverVersion: 98.0.4758.48 (d869ab3eda606..., userDataDir: C:\Users\QAA\AppData\Local\...}, goog:chromeOptions: {debuggerAddress: localhost:60213}, javascriptEnabled: true, networkConnectionEnabled: false, pageLoadStrategy: normal, platform: WINDOWS, platformName: WINDOWS, proxy: Proxy(), setWindowRect: true, strictFileInteractability: false, timeouts: {implicit: 0, pageLoad: 300000, script: 30000}, unhandledPromptBehavior: dismiss and notify, webauthn:extension:credBlob: true, webauthn:extension:largeBlob: true, webauthn:virtualAuthenticators: true, webdriver.remote.sessionid: 31eb0b1b66b1471d27be59c0b1c...}
Session ID: 31eb0b1b66b1471d27be59c0b1c8758d
*** Element info: {Using=xpath, value=//iframe[contains(@src,'Warrant Names Search')]}]]>
            </message>
            <full-stacktrace>
              <![CDATA[org.openqa.selenium.NoSuchElementException: no such element: Unable to locate element: {"method":"xpath","selector":"//iframe[contains(@src,'Warrant Names Search')]"}
  (Session info: chrome=99.0.4844.51)
For documentation on this error, please visit: https://www.seleniumhq.org/exceptions/no_such_element.html
Build info: version: '3.141.59', revision: 'e82be7d358', time: '2018-11-14T08:17:03'
System info: host: 'CHPNXDT-604', ip: '192.168.10.214', os.name: 'Windows 10', os.arch: 'amd64', os.version: '10.0', java.version: '16.0.2'
Driver info: org.openqa.selenium.remote.RemoteWebDriver
Capabilities {acceptInsecureCerts: false, browserName: chrome, browserVersion: 99.0.4844.51, chrome: {chromedriverVersion: 98.0.4758.48 (d869ab3eda606..., userDataDir: C:\Users\QAA\AppData\Local\...}, goog:chromeOptions: {debuggerAddress: localhost:60213}, javascriptEnabled: true, networkConnectionEnabled: false, pageLoadStrategy: normal, platform: WINDOWS, platformName: WINDOWS, proxy: Proxy(), setWindowRect: true, strictFileInteractability: false, timeouts: {implicit: 0, pageLoad: 300000, script: 30000}, unhandledPromptBehavior: dismiss and notify, webauthn:extension:credBlob: true, webauthn:extension:largeBlob: true, webauthn:virtualAuthenticators: true, webdriver.remote.sessionid: 31eb0b1b66b1471d27be59c0b1c...}
Session ID: 31eb0b1b66b1471d27be59c0b1c8758d
*** Element info: {Using=xpath, value=//iframe[contains(@src,'Warrant Names Search')]}
at jdk.internal.reflect.GeneratedConstructorAccessor16.newInstance(Unknown Source)
at java.base/jdk.internal.reflect.DelegatingConstructorAccessorImpl.newInstance(DelegatingConstructorAccessorImpl.java:45)
at java.base/java.lang.reflect.Constructor.newInstanceWithCaller(Constructor.java:499)
at java.base/java.lang.reflect.Constructor.newInstance(Constructor.java:480)
at org.openqa.selenium.remote.http.W3CHttpResponseCodec.createException(W3CHttpResponseCodec.java:187)
at org.openqa.selenium.remote.http.W3CHttpResponseCodec.decode(W3CHttpResponseCodec.java:122)
at org.openqa.selenium.remote.http.W3CHttpResponseCodec.decode(W3CHttpResponseCodec.java:49)
at org.openqa.selenium.remote.HttpCommandExecutor.execute(HttpCommandExecutor.java:158)
at org.openqa.selenium.remote.RemoteWebDriver.execute(RemoteWebDriver.java:552)
at org.openqa.selenium.remote.RemoteWebDriver.findElement(RemoteWebDriver.java:323)
at org.openqa.selenium.remote.RemoteWebDriver.findElementByXPath(RemoteWebDriver.java:428)
at org.openqa.selenium.By$ByXPath.findElement(By.java:353)
at org.openqa.selenium.remote.RemoteWebDriver.findElement(RemoteWebDriver.java:315)
at utilities.ObjectIdentification$WindowHandle.switchToMainWindowScreenTab(ObjectIdentification.java:438)
at scripts.PoliceSmokeTest87.SmokeTestScripts_Warrant_(PoliceSmokeTest87.java:800)
at java.base/jdk.internal.reflect.NativeMethodAccessorImpl.invoke0(Native Method)
at java.base/jdk.internal.reflect.NativeMethodAccessorImpl.invoke(NativeMethodAccessorImpl.java:78)
at java.base/jdk.internal.reflect.DelegatingMethodAccessorImpl.invoke(DelegatingMethodAccessorImpl.java:43)
at java.base/java.lang.reflect.Method.invoke(Method.java:567)
at org.testng.internal.MethodInvocationHelper.invokeMethod(MethodInvocationHelper.java:133)
at org.testng.internal.TestInvoker.invokeMethod(TestInvoker.java:584)
at org.testng.internal.TestInvoker.invokeTestMethod(TestInvoker.java:172)
at org.testng.internal.MethodRunner.runInSequence(MethodRunner.java:46)
at org.testng.internal.TestInvoker$MethodInvocationAgent.invoke(TestInvoker.java:804)
at org.testng.internal.TestInvoker.invokeTestMethods(TestInvoker.java:145)
at org.testng.internal.TestMethodWorker.invokeTestMethods(TestMethodWorker.java:146)
at org.testng.internal.TestMethodWorker.run(TestMethodWorker.java:128)
at java.base/java.util.ArrayList.forEach(ArrayList.java:1511)
at org.testng.TestRunner.privateRun(TestRunner.java:770)
at org.testng.TestRunner.run(TestRunner.java:591)
at org.testng.SuiteRunner.runTest(SuiteRunner.java:402)
at org.testng.SuiteRunner.runSequentially(SuiteRunner.java:396)
at org.testng.SuiteRunner.privateRun(SuiteRunner.java:355)
at org.testng.SuiteRunner.run(SuiteRunner.java:304)
at org.testng.SuiteRunnerWorker.runSuite(SuiteRunnerWorker.java:53)
at org.testng.SuiteRunnerWorker.run(SuiteRunnerWorker.java:96)
at org.testng.TestNG.runSuitesSequentially(TestNG.java:1180)
at org.testng.TestNG.runSuitesLocally(TestNG.java:1102)
at org.testng.TestNG.runSuites(TestNG.java:1032)
at org.testng.TestNG.run(TestNG.java:1000)
at org.testng.remote.AbstractRemoteTestNG.run(AbstractRemoteTestNG.java:115)
at org.testng.remote.RemoteTestNG.initAndRun(RemoteTestNG.java:251)
at org.testng.remote.RemoteTestNG.main(RemoteTestNG.java:77)
]]>
            </full-stacktrace>
          </exception> <!-- org.openqa.selenium.NoSuchElementException -->
          <reporter-output>
          </reporter-output>
        </test-method> <!-- SmokeTestScripts_Warrant_ -->
        <test-method is-config="true" signature="afterMethodRecords(org.testng.ITestResult)[pri:0, instance:scripts.PoliceSmokeTest87@11bd0f3b]" started-at="2022-03-03T21:47:42 IST" name="afterMethodRecords" finished-at="2022-03-03T21:47:53 IST" duration-ms="11227" status="PASS">
          <params>
            <param index="0">
              <value>
                <![CDATA[[TestResult name=SmokeTestScripts_Warrant_ status=FAILURE method=PoliceSmokeTest87.SmokeTestScripts_Warrant_(org.testng.ITestContext)[pri:0, instance:scripts.PoliceSmokeTest87@11bd0f3b] output={null}]]]>
              </value>
            </param>
          </params>
          <reporter-output>
          </reporter-output>
        </test-method> <!-- afterMethodRecords -->
        <test-method is-config="true" signature="afterRunSuite()[pri:0, instance:scripts.PoliceSmokeTest87@11bd0f3b]" started-at="2022-03-03T21:47:53 IST" name="afterRunSuite" finished-at="2022-03-03T21:47:53 IST" duration-ms="90" status="PASS">
          <reporter-output>
          </reporter-output>
        </test-method> <!-- afterRunSuite -->
      </class> <!-- scripts.PoliceSmokeTest87 -->
    </test> <!-- SmokeTest -->
  </suite> <!-- PoliceSmokeTest87 -->
</testng-results>
