<?xml version="1.0" encoding="UTF-8"?>
<!-- Generated by org.testng.reporters.JUnitXMLReporter -->
<testsuite ignored="25" hostname="CHPNXDT-604" failures="1" tests="1" name="Default test" time="221.82" errors="0" timestamp="2022-03-04T19:24:46 IST">
  <testcase classname="scripts.BaseSmokeTest87" name="AdmissionBookingSmokeTestScript" time="203.32">
    <failure type="org.openqa.selenium.NoSuchElementException" message="no such element: Unable to locate element: {&amp;quot;method&amp;quot;:&amp;quot;xpath&amp;quot;,&amp;quot;selector&amp;quot;:&amp;quot;//input[@id=&amp;apos;tabSuspSrch_tmpl0_UsrBondReceiptSrch1_dttmFrom_Date_KPIDttmCtrl&amp;apos;]&amp;quot;}
  (Session info: chrome=98.0.4758.102)
For documentation on this error, please visit: https://www.seleniumhq.org/exceptions/no_such_element.html
Build info: version: &amp;apos;3.141.59&amp;apos;, revision: &amp;apos;e82be7d358&amp;apos;, time: &amp;apos;2018-11-14T08:17:03&amp;apos;
System info: host: &amp;apos;CHPNXDT-604&amp;apos;, ip: &amp;apos;192.168.10.214&amp;apos;, os.name: &amp;apos;Windows 10&amp;apos;, os.arch: &amp;apos;amd64&amp;apos;, os.version: &amp;apos;10.0&amp;apos;, java.version: &amp;apos;16.0.2&amp;apos;
Driver info: org.openqa.selenium.remote.RemoteWebDriver
Capabilities {acceptInsecureCerts: false, browserName: chrome, browserVersion: 98.0.4758.102, chrome: {chromedriverVersion: 98.0.4758.48 (d869ab3eda606..., userDataDir: C:\Users\qaa\AppData\Local\...}, goog:chromeOptions: {debuggerAddress: localhost:56827}, javascriptEnabled: true, networkConnectionEnabled: false, pageLoadStrategy: normal, platform: WINDOWS, platformName: WINDOWS, proxy: Proxy(), setWindowRect: true, strictFileInteractability: false, timeouts: {implicit: 0, pageLoad: 300000, script: 30000}, unhandledPromptBehavior: dismiss and notify, webauthn:extension:credBlob: true, webauthn:extension:largeBlob: true, webauthn:virtualAuthenticators: true, webdriver.remote.sessionid: 9ee9e7ed07e166536f7c3f8d623...}
Session ID: 9ee9e7ed07e166536f7c3f8d6233e687
*** Element info: {Using=xpath, value=//input[@id=&amp;apos;tabSuspSrch_tmpl0_UsrBondReceiptSrch1_dttmFrom_Date_KPIDttmCtrl&amp;apos;]}">
      <![CDATA[org.openqa.selenium.NoSuchElementException: no such element: Unable to locate element: {"method":"xpath","selector":"//input[@id='tabSuspSrch_tmpl0_UsrBondReceiptSrch1_dttmFrom_Date_KPIDttmCtrl']"}
  (Session info: chrome=98.0.4758.102)
For documentation on this error, please visit: https://www.seleniumhq.org/exceptions/no_such_element.html
Build info: version: '3.141.59', revision: 'e82be7d358', time: '2018-11-14T08:17:03'
System info: host: 'CHPNXDT-604', ip: '192.168.10.214', os.name: 'Windows 10', os.arch: 'amd64', os.version: '10.0', java.version: '16.0.2'
Driver info: org.openqa.selenium.remote.RemoteWebDriver
Capabilities {acceptInsecureCerts: false, browserName: chrome, browserVersion: 98.0.4758.102, chrome: {chromedriverVersion: 98.0.4758.48 (d869ab3eda606..., userDataDir: C:\Users\qaa\AppData\Local\...}, goog:chromeOptions: {debuggerAddress: localhost:56827}, javascriptEnabled: true, networkConnectionEnabled: false, pageLoadStrategy: normal, platform: WINDOWS, platformName: WINDOWS, proxy: Proxy(), setWindowRect: true, strictFileInteractability: false, timeouts: {implicit: 0, pageLoad: 300000, script: 30000}, unhandledPromptBehavior: dismiss and notify, webauthn:extension:credBlob: true, webauthn:extension:largeBlob: true, webauthn:virtualAuthenticators: true, webdriver.remote.sessionid: 9ee9e7ed07e166536f7c3f8d623...}
Session ID: 9ee9e7ed07e166536f7c3f8d6233e687
*** Element info: {Using=xpath, value=//input[@id='tabSuspSrch_tmpl0_UsrBondReceiptSrch1_dttmFrom_Date_KPIDttmCtrl']}
at java.base/jdk.internal.reflect.NativeConstructorAccessorImpl.newInstance0(Native Method)
at java.base/jdk.internal.reflect.NativeConstructorAccessorImpl.newInstance(NativeConstructorAccessorImpl.java:78)
at java.base/jdk.internal.reflect.DelegatingConstructorAccessorImpl.newInstance(DelegatingConstructorAccessorImpl.java:45)
at java.base/java.lang.reflect.Constructor.newInstanceWithCaller(Constructor.java:499)
at java.base/java.lang.reflect.Constructor.newInstance(Constructor.java:480)
at org.openqa.selenium.remote.http.W3CHttpResponseCodec.createException(W3CHttpResponseCodec.java:187)
at org.openqa.selenium.remote.http.W3CHttpResponseCodec.decode(W3CHttpResponseCodec.java:122)
at org.openqa.selenium.remote.http.W3CHttpResponseCodec.decode(W3CHttpResponseCodec.java:49)
at org.openqa.selenium.remote.HttpCommandExecutor.execute(HttpCommandExecutor.java:158)
at org.openqa.selenium.remote.RemoteWebDriver.execute(RemoteWebDriver.java:552)
at org.openqa.selenium.remote.RemoteWebDriver.findElement(RemoteWebDriver.java:323)
at org.openqa.selenium.remote.RemoteWebDriver.findElementByXPath(RemoteWebDriver.java:428)
at org.openqa.selenium.By$ByXPath.findElement(By.java:353)
at org.openqa.selenium.remote.RemoteWebDriver.findElement(RemoteWebDriver.java:315)
at scripts.BaseSmokeTest87.AdmissionBookingSmokeTestScript(BaseSmokeTest87.java:346)
at java.base/jdk.internal.reflect.NativeMethodAccessorImpl.invoke0(Native Method)
at java.base/jdk.internal.reflect.NativeMethodAccessorImpl.invoke(NativeMethodAccessorImpl.java:78)
at java.base/jdk.internal.reflect.DelegatingMethodAccessorImpl.invoke(DelegatingMethodAccessorImpl.java:43)
at java.base/java.lang.reflect.Method.invoke(Method.java:567)
at org.testng.internal.MethodInvocationHelper.invokeMethod(MethodInvocationHelper.java:133)
at org.testng.internal.TestInvoker.invokeMethod(TestInvoker.java:584)
at org.testng.internal.TestInvoker.invokeTestMethod(TestInvoker.java:172)
at org.testng.internal.MethodRunner.runInSequence(MethodRunner.java:46)
at org.testng.internal.TestInvoker$MethodInvocationAgent.invoke(TestInvoker.java:804)
at org.testng.internal.TestInvoker.invokeTestMethods(TestInvoker.java:145)
at org.testng.internal.TestMethodWorker.invokeTestMethods(TestMethodWorker.java:146)
at org.testng.internal.TestMethodWorker.run(TestMethodWorker.java:128)
at java.base/java.util.ArrayList.forEach(ArrayList.java:1511)
at org.testng.TestRunner.privateRun(TestRunner.java:770)
at org.testng.TestRunner.run(TestRunner.java:591)
at org.testng.SuiteRunner.runTest(SuiteRunner.java:402)
at org.testng.SuiteRunner.runSequentially(SuiteRunner.java:396)
at org.testng.SuiteRunner.privateRun(SuiteRunner.java:355)
at org.testng.SuiteRunner.run(SuiteRunner.java:304)
at org.testng.SuiteRunnerWorker.runSuite(SuiteRunnerWorker.java:53)
at org.testng.SuiteRunnerWorker.run(SuiteRunnerWorker.java:96)
at org.testng.TestNG.runSuitesSequentially(TestNG.java:1180)
at org.testng.TestNG.runSuitesLocally(TestNG.java:1102)
at org.testng.TestNG.runSuites(TestNG.java:1032)
at org.testng.TestNG.run(TestNG.java:1000)
at org.testng.remote.AbstractRemoteTestNG.run(AbstractRemoteTestNG.java:115)
at org.testng.remote.RemoteTestNG.initAndRun(RemoteTestNG.java:251)
at org.testng.remote.RemoteTestNG.main(RemoteTestNG.java:77)
]]>
    </failure>
  </testcase> <!-- AdmissionBookingSmokeTestScript -->
  <testcase classname="scripts.BaseSmokeTest87" name="SmokeTestScripts_Training_" time="0.0">
    <ignored/>
  </testcase> <!-- SmokeTestScripts_Training_ -->
  <testcase classname="scripts.BaseSmokeTest87" name="HelpDeskModuleSmokeTestScripts" time="0.0">
    <ignored/>
  </testcase> <!-- HelpDeskModuleSmokeTestScripts -->
  <testcase classname="scripts.BaseSmokeTest87" name="SettingsSysParameterJurisSmokeTestScripts" time="0.0">
    <ignored/>
  </testcase> <!-- SettingsSysParameterJurisSmokeTestScripts -->
  <testcase classname="scripts.BaseSmokeTest87" name="FireStaticModuleSmokeTestScripts" time="0.0">
    <ignored/>
  </testcase> <!-- FireStaticModuleSmokeTestScripts -->
  <testcase classname="scripts.BaseSmokeTest87" name="AccountingModuleSmokeTest" time="0.0">
    <ignored/>
  </testcase> <!-- AccountingModuleSmokeTest -->
  <testcase classname="scripts.BaseSmokeTest87" name="DetailWorkModuleSmokeTestScript" time="0.0">
    <ignored/>
  </testcase> <!-- DetailWorkModuleSmokeTestScript -->
  <testcase classname="scripts.BaseSmokeTest87" name="HomeModuleSmokeTestScripts" time="0.0">
    <ignored/>
  </testcase> <!-- HomeModuleSmokeTestScripts -->
  <testcase classname="scripts.BaseSmokeTest87" name="BISmokeTest" time="0.0">
    <ignored/>
  </testcase> <!-- BISmokeTest -->
  <testcase classname="scripts.BaseSmokeTest87" name="SmokeTestScripts_Scheduling_" time="0.0">
    <ignored/>
  </testcase> <!-- SmokeTestScripts_Scheduling_ -->
  <testcase classname="scripts.BaseSmokeTest87" name="CourtModuleSmokeTestScript" time="0.0">
    <ignored/>
  </testcase> <!-- CourtModuleSmokeTestScript -->
  <testcase classname="scripts.BaseSmokeTest87" name="MedicalModuleSmokeTestScripts" time="0.0">
    <ignored/>
  </testcase> <!-- MedicalModuleSmokeTestScripts -->
  <testcase classname="scripts.BaseSmokeTest87" name="GeoModuleSmokeTestScripts" time="0.0">
    <ignored/>
  </testcase> <!-- GeoModuleSmokeTestScripts -->
  <testcase classname="scripts.BaseSmokeTest87" name="EmploymentApplicantsModuleSmokeTestScripts" time="0.0">
    <ignored/>
  </testcase> <!-- EmploymentApplicantsModuleSmokeTestScripts -->
  <testcase classname="scripts.BaseSmokeTest87" name="FacilityManagementModuleSmokeTestScripts" time="0.0">
    <ignored/>
  </testcase> <!-- FacilityManagementModuleSmokeTestScripts -->
  <testcase classname="scripts.BaseSmokeTest87" name="CitizenServicesModuleSmokeTestScript" time="0.0">
    <ignored/>
  </testcase> <!-- CitizenServicesModuleSmokeTestScript -->
  <testcase classname="scripts.BaseSmokeTest87" name="SmokeTestScripts_Vehicle_" time="0.0">
    <ignored/>
  </testcase> <!-- SmokeTestScripts_Vehicle_ -->
  <testcase classname="scripts.BaseSmokeTest87" name="DocumentMgmtModuleSmokeTestScripts" time="0.0">
    <ignored/>
  </testcase> <!-- DocumentMgmtModuleSmokeTestScripts -->
  <testcase classname="scripts.BaseSmokeTest87" name="ActivityModuleSmokeTestScript" time="0.0">
    <ignored/>
  </testcase> <!-- ActivityModuleSmokeTestScript -->
  <testcase classname="scripts.BaseSmokeTest87" name="NamesModuleSmokeTestScripts" time="0.0">
    <ignored/>
  </testcase> <!-- NamesModuleSmokeTestScripts -->
  <testcase classname="scripts.BaseSmokeTest87" name="CADModuleSmokeTestScript" time="0.0">
    <ignored/>
  </testcase> <!-- CADModuleSmokeTestScript -->
  <testcase classname="scripts.BaseSmokeTest87" name="PersonnelModuleSmokeTestScripts" time="0.0">
    <ignored/>
  </testcase> <!-- PersonnelModuleSmokeTestScripts -->
  <testcase classname="scripts.BaseSmokeTest87" name="InventoryFleetModuleSmokeTestScripts" time="0.0">
    <ignored/>
  </testcase> <!-- InventoryFleetModuleSmokeTestScripts -->
  <testcase classname="scripts.BaseSmokeTest87" name="SmokeTestScripts_Video_" time="0.0">
    <ignored/>
  </testcase> <!-- SmokeTestScripts_Video_ -->
  <testcase classname="scripts.BaseSmokeTest87" name="SmokeTestScripts_ZSettings_" time="0.0">
    <ignored/>
  </testcase> <!-- SmokeTestScripts_ZSettings_ -->
  <testcase classname="scripts.BaseSmokeTest87" name="K9ModuleSmokeTestScripts" time="0.0">
    <ignored/>
  </testcase> <!-- K9ModuleSmokeTestScripts -->
</testsuite> <!-- Default test -->
